# JRE version: OpenJDK Runtime Environment (11.0.13) (build 11.0.13+0-b1751.21-8125866)
# Java VM: OpenJDK 64-Bit Server VM (11.0.13+0-b1751.21-8125866, mixed mode, tiered, compressed oops, g1 gc, windows-amd64)
Heap:
 garbage-first heap   total 424960K, used 192459K [0x00000000a0000000, 0x0000000100000000)
  region size 1024K, 10 young (10240K), 3 survivors (3072K)
 Metaspace       used 123149K, capacity 126963K, committed 127184K, reserved 1161216K
  class space    used 14872K, capacity 16149K, committed 16256K, reserved 1048576K
GC Heap History (20 events):
Event: 48.806 GC heap before
{Heap before GC invocations=74 (full 0):
 garbage-first heap   total 424960K, used 364986K [0x00000000a0000000, 0x0000000100000000)
  region size 1024K, 237 young (242688K), 12 survivors (12288K)
 Metaspace       used 105932K, capacity 108575K, committed 108880K, reserved 1144832K
  class space    used 13043K, capacity 13912K, committed 14080K, reserved 1048576K
}
Event: 48.816 GC heap after
{Heap after GC invocations=75 (full 0):
 garbage-first heap   total 424960K, used 129359K [0x00000000a0000000, 0x0000000100000000)
  region size 1024K, 8 young (8192K), 8 survivors (8192K)
 Metaspace       used 105932K, capacity 108575K, committed 108880K, reserved 1144832K
  class space    used 13043K, capacity 13912K, committed 14080K, reserved 1048576K
}
Event: 49.609 GC heap before
{Heap before GC invocations=75 (full 0):
 garbage-first heap   total 424960K, used 367951K [0x00000000a0000000, 0x0000000100000000)
  region size 1024K, 241 young (246784K), 8 survivors (8192K)
 Metaspace       used 105954K, capacity 108642K, committed 108880K, reserved 1144832K
  class space    used 13043K, capacity 13913K, committed 14080K, reserved 1048576K
}
Event: 49.618 GC heap after
{Heap after GC invocations=76 (full 0):
 garbage-first heap   total 424960K, used 128860K [0x00000000a0000000, 0x0000000100000000)
  region size 1024K, 8 young (8192K), 8 survivors (8192K)
 Metaspace       used 105954K, capacity 108642K, committed 108880K, reserved 1144832K
  class space    used 13043K, capacity 13913K, committed 14080K, reserved 1048576K
}
Event: 50.769 GC heap before
{Heap before GC invocations=76 (full 0):
 garbage-first heap   total 424960K, used 379740K [0x00000000a0000000, 0x0000000100000000)
  region size 1024K, 242 young (247808K), 8 survivors (8192K)
 Metaspace       used 106313K, capacity 109055K, committed 109392K, reserved 1144832K
  class space    used 13053K, capacity 13952K, committed 14080K, reserved 1048576K
}
Event: 50.807 GC heap after
{Heap after GC invocations=77 (full 0):
 garbage-first heap   total 424960K, used 161090K [0x00000000a0000000, 0x0000000100000000)
  region size 1024K, 31 young (31744K), 31 survivors (31744K)
 Metaspace       used 106313K, capacity 109055K, committed 109392K, reserved 1144832K
  class space    used 13053K, capacity 13952K, committed 14080K, reserved 1048576K
}
Event: 123.143 GC heap before
{Heap before GC invocations=77 (full 0):
 garbage-first heap   total 424960K, used 360770K [0x00000000a0000000, 0x0000000100000000)
  region size 1024K, 213 young (218112K), 31 survivors (31744K)
 Metaspace       used 107502K, capacity 110327K, committed 110416K, reserved 1146880K
  class space    used 13119K, capacity 14069K, committed 14080K, reserved 1048576K
}
Event: 123.170 GC heap after
{Heap after GC invocations=78 (full 0):
 garbage-first heap   total 424960K, used 144033K [0x00000000a0000000, 0x0000000100000000)
  region size 1024K, 7 young (7168K), 7 survivors (7168K)
 Metaspace       used 107502K, capacity 110327K, committed 110416K, reserved 1146880K
  class space    used 13119K, capacity 14069K, committed 14080K, reserved 1048576K
}
Event: 135.347 GC heap before
{Heap before GC invocations=78 (full 0):
 garbage-first heap   total 424960K, used 208545K [0x00000000a0000000, 0x0000000100000000)
  region size 1024K, 71 young (72704K), 7 survivors (7168K)
 Metaspace       used 107766K, capacity 110671K, committed 110800K, reserved 1146880K
  class space    used 13131K, capacity 14089K, committed 14208K, reserved 1048576K
}
Event: 135.356 GC heap after
{Heap after GC invocations=79 (full 0):
 garbage-first heap   total 424960K, used 141616K [0x00000000a0000000, 0x0000000100000000)
  region size 1024K, 5 young (5120K), 5 survivors (5120K)
 Metaspace       used 107766K, capacity 110671K, committed 110800K, reserved 1146880K
  class space    used 13131K, capacity 14089K, committed 14208K, reserved 1048576K
}
Event: 325.839 GC heap before
{Heap before GC invocations=79 (full 0):
 garbage-first heap   total 424960K, used 304432K [0x00000000a0000000, 0x0000000100000000)
  region size 1024K, 165 young (168960K), 5 survivors (5120K)
 Metaspace       used 108307K, capacity 111167K, committed 111312K, reserved 1146880K
  class space    used 13166K, capacity 14138K, committed 14208K, reserved 1048576K
}
Event: 325.871 GC heap after
{Heap after GC invocations=80 (full 0):
 garbage-first heap   total 424960K, used 142769K [0x00000000a0000000, 0x0000000100000000)
  region size 1024K, 6 young (6144K), 6 survivors (6144K)
 Metaspace       used 108307K, capacity 111167K, committed 111312K, reserved 1146880K
  class space    used 13166K, capacity 14138K, committed 14208K, reserved 1048576K
}
Event: 405.030 GC heap before
{Heap before GC invocations=80 (full 0):
 garbage-first heap   total 424960K, used 353713K [0x00000000a0000000, 0x0000000100000000)
  region size 1024K, 213 young (218112K), 6 survivors (6144K)
 Metaspace       used 108598K, capacity 111487K, committed 111568K, reserved 1146880K
  class space    used 13174K, capacity 14152K, committed 14208K, reserved 1048576K
}
Event: 405.048 GC heap after
{Heap after GC invocations=81 (full 0):
 garbage-first heap   total 424960K, used 144542K [0x00000000a0000000, 0x0000000100000000)
  region size 1024K, 8 young (8192K), 8 survivors (8192K)
 Metaspace       used 108598K, capacity 111487K, committed 111568K, reserved 1146880K
  class space    used 13174K, capacity 14152K, committed 14208K, reserved 1048576K
}
Event: 1554.296 GC heap before
{Heap before GC invocations=81 (full 0):
 garbage-first heap   total 424960K, used 381086K [0x00000000a0000000, 0x0000000100000000)
  region size 1024K, 214 young (219136K), 8 survivors (8192K)
 Metaspace       used 117373K, capacity 120741K, committed 120912K, reserved 1155072K
  class space    used 14185K, capacity 15300K, committed 15360K, reserved 1048576K
}
Event: 1554.433 GC heap after
{Heap after GC invocations=82 (full 0):
 garbage-first heap   total 424960K, used 180897K [0x00000000a0000000, 0x0000000100000000)
  region size 1024K, 18 young (18432K), 18 survivors (18432K)
 Metaspace       used 117373K, capacity 120741K, committed 120912K, reserved 1155072K
  class space    used 14185K, capacity 15300K, committed 15360K, reserved 1048576K
}
Event: 1595.163 GC heap before
{Heap before GC invocations=82 (full 0):
 garbage-first heap   total 424960K, used 350881K [0x00000000a0000000, 0x0000000100000000)
  region size 1024K, 185 young (189440K), 18 survivors (18432K)
 Metaspace       used 122542K, capacity 126335K, committed 126544K, reserved 1159168K
  class space    used 14834K, capacity 16100K, committed 16128K, reserved 1048576K
}
Event: 1595.698 GC heap after
{Heap after GC invocations=83 (full 0):
 garbage-first heap   total 424960K, used 188731K [0x00000000a0000000, 0x0000000100000000)
  region size 1024K, 12 young (12288K), 12 survivors (12288K)
 Metaspace       used 122542K, capacity 126335K, committed 126544K, reserved 1159168K
  class space    used 14834K, capacity 16100K, committed 16128K, reserved 1048576K
}
Event: 1598.444 GC heap before
{Heap before GC invocations=83 (full 0):
 garbage-first heap   total 424960K, used 267579K [0x00000000a0000000, 0x0000000100000000)
  region size 1024K, 79 young (80896K), 12 survivors (12288K)
 Metaspace       used 123138K, capacity 126963K, committed 127184K, reserved 1161216K
  class space    used 14872K, capacity 16149K, committed 16256K, reserved 1048576K
}
Event: 1598.461 GC heap after
{Heap after GC invocations=84 (full 0):
 garbage-first heap   total 424960K, used 187339K [0x00000000a0000000, 0x0000000100000000)
  region size 1024K, 3 young (3072K), 3 survivors (3072K)
 Metaspace       used 123138K, capacity 126963K, committed 127184K, reserved 1161216K
  class space    used 14872K, capacity 16149K, committed 16256K, reserved 1048576K
}

