# JRE version: OpenJDK Runtime Environment (8.0_362-b08) (build 1.8.0_362-b08)
# Java VM: OpenJDK 64-Bit Server VM (25.362-b08 mixed mode windows-amd64 compressed oops)
Heap:
 PSYoungGen      total 142848K, used 24000K [0x00000000e0000000, 0x00000000f0d00000, 0x0000000100000000)
  eden space 131072K, 9% used [0x00000000e0000000,0x00000000e0bf5f20,0x00000000e8000000)
  from space 11776K, 99% used [0x00000000e8000000,0x00000000e8b7a2d0,0x00000000e8b80000)
  to   space 14848K, 0% used [0x00000000efe80000,0x00000000efe80000,0x00000000f0d00000)
 ParOldGen       total 50176K, used 8840K [0x00000000a0000000, 0x00000000a3100000, 0x00000000e0000000)
  object space 50176K, 17% used [0x00000000a0000000,0x00000000a08a23f8,0x00000000a3100000)
 Metaspace       used 32699K, capacity 33724K, committed 34048K, reserved 1079296K
  class space    used 4543K, capacity 4790K, committed 4864K, reserved 1048576K
GC Heap History (10 events):
Event: 3.442 GC heap before
{Heap before GC invocations=4 (full 0):
 PSYoungGen      total 37888K, used 37872K [0x00000000e0000000, 0x00000000e4a00000, 0x0000000100000000)
  eden space 32768K, 100% used [0x00000000e0000000,0x00000000e2000000,0x00000000e2000000)
  from space 5120K, 99% used [0x00000000e2000000,0x00000000e24fc010,0x00000000e2500000)
  to   space 5120K, 0% used [0x00000000e4500000,0x00000000e4500000,0x00000000e4a00000)
 ParOldGen       total 86016K, used 1363K [0x00000000a0000000, 0x00000000a5400000, 0x00000000e0000000)
  object space 86016K, 1% used [0x00000000a0000000,0x00000000a0154e68,0x00000000a5400000)
 Metaspace       used 15478K, capacity 15928K, committed 16128K, reserved 1062912K
  class space    used 2110K, capacity 2252K, committed 2304K, reserved 1048576K
Event: 3.450 GC heap after
Heap after GC invocations=4 (full 0):
 PSYoungGen      total 70656K, used 5104K [0x00000000e0000000, 0x00000000e4a00000, 0x0000000100000000)
  eden space 65536K, 0% used [0x00000000e0000000,0x00000000e0000000,0x00000000e4000000)
  from space 5120K, 99% used [0x00000000e4500000,0x00000000e49fc030,0x00000000e4a00000)
  to   space 5120K, 0% used [0x00000000e4000000,0x00000000e4000000,0x00000000e4500000)
 ParOldGen       total 86016K, used 4047K [0x00000000a0000000, 0x00000000a5400000, 0x00000000e0000000)
  object space 86016K, 4% used [0x00000000a0000000,0x00000000a03f3cf8,0x00000000a5400000)
 Metaspace       used 15478K, capacity 15928K, committed 16128K, reserved 1062912K
  class space    used 2110K, capacity 2252K, committed 2304K, reserved 1048576K
}
Event: 4.566 GC heap before
{Heap before GC invocations=5 (full 0):
 PSYoungGen      total 70656K, used 70640K [0x00000000e0000000, 0x00000000e4a00000, 0x0000000100000000)
  eden space 65536K, 100% used [0x00000000e0000000,0x00000000e4000000,0x00000000e4000000)
  from space 5120K, 99% used [0x00000000e4500000,0x00000000e49fc030,0x00000000e4a00000)
  to   space 5120K, 0% used [0x00000000e4000000,0x00000000e4000000,0x00000000e4500000)
 ParOldGen       total 86016K, used 4047K [0x00000000a0000000, 0x00000000a5400000, 0x00000000e0000000)
  object space 86016K, 4% used [0x00000000a0000000,0x00000000a03f3cf8,0x00000000a5400000)
 Metaspace       used 20477K, capacity 21182K, committed 21296K, reserved 1067008K
  class space    used 2939K, capacity 3163K, committed 3200K, reserved 1048576K
Event: 4.581 GC heap after
Heap after GC invocations=5 (full 0):
 PSYoungGen      total 70656K, used 5088K [0x00000000e0000000, 0x00000000e9800000, 0x0000000100000000)
  eden space 65536K, 0% used [0x00000000e0000000,0x00000000e0000000,0x00000000e4000000)
  from space 5120K, 99% used [0x00000000e4000000,0x00000000e44f8020,0x00000000e4500000)
  to   space 12288K, 0% used [0x00000000e8c00000,0x00000000e8c00000,0x00000000e9800000)
 ParOldGen       total 86016K, used 10535K [0x00000000a0000000, 0x00000000a5400000, 0x00000000e0000000)
  object space 86016K, 12% used [0x00000000a0000000,0x00000000a0a49e48,0x00000000a5400000)
 Metaspace       used 20477K, capacity 21182K, committed 21296K, reserved 1067008K
  class space    used 2939K, capacity 3163K, committed 3200K, reserved 1048576K
}
Event: 4.599 GC heap before
{Heap before GC invocations=6 (full 0):
 PSYoungGen      total 70656K, used 6140K [0x00000000e0000000, 0x00000000e9800000, 0x0000000100000000)
  eden space 65536K, 1% used [0x00000000e0000000,0x00000000e0107198,0x00000000e4000000)
  from space 5120K, 99% used [0x00000000e4000000,0x00000000e44f8020,0x00000000e4500000)
  to   space 12288K, 0% used [0x00000000e8c00000,0x00000000e8c00000,0x00000000e9800000)
 ParOldGen       total 86016K, used 10535K [0x00000000a0000000, 0x00000000a5400000, 0x00000000e0000000)
  object space 86016K, 12% used [0x00000000a0000000,0x00000000a0a49e48,0x00000000a5400000)
 Metaspace       used 20564K, capacity 21252K, committed 21296K, reserved 1067008K
  class space    used 2954K, capacity 3164K, committed 3200K, reserved 1048576K
Event: 4.607 GC heap after
Heap after GC invocations=6 (full 0):
 PSYoungGen      total 142336K, used 5235K [0x00000000e0000000, 0x00000000e9700000, 0x0000000100000000)
  eden space 131072K, 0% used [0x00000000e0000000,0x00000000e0000000,0x00000000e8000000)
  from space 11264K, 46% used [0x00000000e8c00000,0x00000000e911cf80,0x00000000e9700000)
  to   space 11776K, 0% used [0x00000000e8000000,0x00000000e8000000,0x00000000e8b80000)
 ParOldGen       total 86016K, used 10543K [0x00000000a0000000, 0x00000000a5400000, 0x00000000e0000000)
  object space 86016K, 12% used [0x00000000a0000000,0x00000000a0a4be48,0x00000000a5400000)
 Metaspace       used 20564K, capacity 21252K, committed 21296K, reserved 1067008K
  class space    used 2954K, capacity 3164K, committed 3200K, reserved 1048576K
}
Event: 4.607 GC heap before
{Heap before GC invocations=7 (full 1):
 PSYoungGen      total 142336K, used 5235K [0x00000000e0000000, 0x00000000e9700000, 0x0000000100000000)
  eden space 131072K, 0% used [0x00000000e0000000,0x00000000e0000000,0x00000000e8000000)
  from space 11264K, 46% used [0x00000000e8c00000,0x00000000e911cf80,0x00000000e9700000)
  to   space 11776K, 0% used [0x00000000e8000000,0x00000000e8000000,0x00000000e8b80000)
 ParOldGen       total 86016K, used 10543K [0x00000000a0000000, 0x00000000a5400000, 0x00000000e0000000)
  object space 86016K, 12% used [0x00000000a0000000,0x00000000a0a4be48,0x00000000a5400000)
 Metaspace       used 20564K, capacity 21252K, committed 21296K, reserved 1067008K
  class space    used 2954K, capacity 3164K, committed 3200K, reserved 1048576K
Event: 4.650 GC heap after
Heap after GC invocations=7 (full 1):
 PSYoungGen      total 142336K, used 0K [0x00000000e0000000, 0x00000000e9700000, 0x0000000100000000)
  eden space 131072K, 0% used [0x00000000e0000000,0x00000000e0000000,0x00000000e8000000)
  from space 11264K, 0% used [0x00000000e8c00000,0x00000000e8c00000,0x00000000e9700000)
  to   space 11776K, 0% used [0x00000000e8000000,0x00000000e8000000,0x00000000e8b80000)
 ParOldGen       total 50176K, used 7285K [0x00000000a0000000, 0x00000000a3100000, 0x00000000e0000000)
  object space 50176K, 14% used [0x00000000a0000000,0x00000000a071d608,0x00000000a3100000)
 Metaspace       used 20564K, capacity 21252K, committed 21296K, reserved 1067008K
  class space    used 2954K, capacity 3164K, committed 3200K, reserved 1048576K
}
Event: 6.609 GC heap before
{Heap before GC invocations=8 (full 1):
 PSYoungGen      total 142336K, used 131072K [0x00000000e0000000, 0x00000000e9700000, 0x0000000100000000)
  eden space 131072K, 100% used [0x00000000e0000000,0x00000000e8000000,0x00000000e8000000)
  from space 11264K, 0% used [0x00000000e8c00000,0x00000000e8c00000,0x00000000e9700000)
  to   space 11776K, 0% used [0x00000000e8000000,0x00000000e8000000,0x00000000e8b80000)
 ParOldGen       total 50176K, used 7285K [0x00000000a0000000, 0x00000000a3100000, 0x00000000e0000000)
  object space 50176K, 14% used [0x00000000a0000000,0x00000000a071d608,0x00000000a3100000)
 Metaspace       used 32428K, capacity 33308K, committed 33536K, reserved 1077248K
  class space    used 4498K, capacity 4738K, committed 4864K, reserved 1048576K
Event: 6.628 GC heap after
Heap after GC invocations=8 (full 1):
 PSYoungGen      total 142848K, used 11752K [0x00000000e0000000, 0x00000000f0d00000, 0x0000000100000000)
  eden space 131072K, 0% used [0x00000000e0000000,0x00000000e0000000,0x00000000e8000000)
  from space 11776K, 99% used [0x00000000e8000000,0x00000000e8b7a2d0,0x00000000e8b80000)
  to   space 14848K, 0% used [0x00000000efe80000,0x00000000efe80000,0x00000000f0d00000)
 ParOldGen       total 50176K, used 8840K [0x00000000a0000000, 0x00000000a3100000, 0x00000000e0000000)
  object space 50176K, 17% used [0x00000000a0000000,0x00000000a08a23f8,0x00000000a3100000)
 Metaspace       used 32428K, capacity 33308K, committed 33536K, reserved 1077248K
  class space    used 4498K, capacity 4738K, committed 4864K, reserved 1048576K
}

