# JRE version: OpenJDK Runtime Environment (11.0.13) (build 11.0.13+0-b1751.21-8125866)
# Java VM: OpenJDK 64-Bit Server VM (11.0.13+0-b1751.21-8125866, mixed mode, tiered, compressed oops, g1 gc, windows-amd64)
Heap:
 garbage-first heap   total 129024K, used 15975K [0x00000000a0000000, 0x0000000100000000)
  region size 1024K, 1 young (1024K), 1 survivors (1024K)
 Metaspace       used 21325K, capacity 21804K, committed 21936K, reserved 1077248K
  class space    used 2563K, capacity 2742K, committed 2816K, reserved 1048576K
GC Heap History (8 events):
Event: 1.208 GC heap before
{Heap before GC invocations=0 (full 0):
 garbage-first heap   total 129024K, used 29696K [0x00000000a0000000, 0x0000000100000000)
  region size 1024K, 24 young (24576K), 0 survivors (0K)
 Metaspace       used 10775K, capacity 11010K, committed 11264K, reserved 1058816K
  class space    used 1122K, capacity 1202K, committed 1280K, reserved 1048576K
}
Event: 1.215 GC heap after
{Heap after GC invocations=1 (full 0):
 garbage-first heap   total 129024K, used 8746K [0x00000000a0000000, 0x0000000100000000)
  region size 1024K, 3 young (3072K), 3 survivors (3072K)
 Metaspace       used 10775K, capacity 11010K, committed 11264K, reserved 1058816K
  class space    used 1122K, capacity 1202K, committed 1280K, reserved 1048576K
}
Event: 4.055 GC heap before
{Heap before GC invocations=1 (full 0):
 garbage-first heap   total 129024K, used 81450K [0x00000000a0000000, 0x0000000100000000)
  region size 1024K, 75 young (76800K), 3 survivors (3072K)
 Metaspace       used 19823K, capacity 20308K, committed 20480K, reserved 1067008K
  class space    used 2305K, capacity 2474K, committed 2560K, reserved 1048576K
}
Event: 4.132 GC heap after
{Heap after GC invocations=2 (full 0):
 garbage-first heap   total 129024K, used 15260K [0x00000000a0000000, 0x0000000100000000)
  region size 1024K, 10 young (10240K), 10 survivors (10240K)
 Metaspace       used 19823K, capacity 20308K, committed 20480K, reserved 1067008K
  class space    used 2305K, capacity 2474K, committed 2560K, reserved 1048576K
}
Event: 4.346 GC heap before
{Heap before GC invocations=2 (full 0):
 garbage-first heap   total 129024K, used 25500K [0x00000000a0000000, 0x0000000100000000)
  region size 1024K, 21 young (21504K), 10 survivors (10240K)
 Metaspace       used 20789K, capacity 21216K, committed 21296K, reserved 1069056K
  class space    used 2483K, capacity 2670K, committed 2688K, reserved 1048576K
}
Event: 4.359 GC heap after
{Heap after GC invocations=3 (full 0):
 garbage-first heap   total 129024K, used 16231K [0x00000000a0000000, 0x0000000100000000)
  region size 1024K, 1 young (1024K), 1 survivors (1024K)
 Metaspace       used 20789K, capacity 21216K, committed 21296K, reserved 1069056K
  class space    used 2483K, capacity 2670K, committed 2688K, reserved 1048576K
}
Event: 4.458 GC heap before
{Heap before GC invocations=4 (full 0):
 garbage-first heap   total 129024K, used 20327K [0x00000000a0000000, 0x0000000100000000)
  region size 1024K, 6 young (6144K), 1 survivors (1024K)
 Metaspace       used 21325K, capacity 21804K, committed 21936K, reserved 1075200K
  class space    used 2563K, capacity 2742K, committed 2816K, reserved 1048576K
}
Event: 4.461 GC heap after
{Heap after GC invocations=5 (full 0):
 garbage-first heap   total 129024K, used 15975K [0x00000000a0000000, 0x0000000100000000)
  region size 1024K, 1 young (1024K), 1 survivors (1024K)
 Metaspace       used 21325K, capacity 21804K, committed 21936K, reserved 1075200K
  class space    used 2563K, capacity 2742K, committed 2816K, reserved 1048576K
}

